0 info it worked if it ends with ok
1 verbose cli [ '/usr/bin/node', '/usr/bin/npm', 'install', 'https' ]
2 info using npm@1.4.28
3 info using node@v0.10.33
4 verbose node symlink /usr/bin/node
5 warn package.json 1-admin-tool-13feb@0.1.0 No repository field.
6 warn package.json localeresolver@0.1.1 No repository field.
7 warn package.json path@0.11.14 path is also the name of a node core module.
8 warn package.json tls@0.0.1 tls is also the name of a node core module.
9 verbose readDependencies using package.json deps
10 verbose cache add [ 'https', null ]
11 verbose cache add name=undefined spec="https" args=["https",null]
12 verbose parsed url { protocol: null,
12 verbose parsed url   slashes: null,
12 verbose parsed url   auth: null,
12 verbose parsed url   host: null,
12 verbose parsed url   port: null,
12 verbose parsed url   hostname: null,
12 verbose parsed url   hash: null,
12 verbose parsed url   search: null,
12 verbose parsed url   query: null,
12 verbose parsed url   pathname: 'https',
12 verbose parsed url   path: 'https',
12 verbose parsed url   href: 'https' }
13 silly lockFile c3437dbc-https https
14 verbose lock https /home/garvit/.npm/c3437dbc-https.lock
15 silly lockFile c3437dbc-https https
16 silly lockFile c3437dbc-https https
17 verbose addNamed [ 'https', '' ]
18 verbose addNamed [ null, '*' ]
19 silly lockFile 421d451a-https https@
20 verbose lock https@ /home/garvit/.npm/421d451a-https.lock
21 silly addNameRange { name: 'https', range: '*', hasData: false }
22 verbose request where is /https
23 verbose request registry http://npm.paypal.com/
24 verbose request id 45c9c87210e867c4
25 verbose url raw /https
26 verbose url resolving [ 'http://npm.paypal.com/', './https' ]
27 verbose url resolved http://npm.paypal.com/https
28 verbose request where is http://npm.paypal.com/https
29 info trying registry request attempt 1 at 10:35:50
30 http GET http://npm.paypal.com/https
31 http 404 http://npm.paypal.com/https
32 verbose headers { 'content-type': 'application/json; charset=utf-8',
32 verbose headers   'x-registry': 'https://registry.npmjs.org/',
32 verbose headers   server: 'CouchDB/1.5.0 (Erlang OTP/R16B03)',
32 verbose headers   'cache-control': 'max-age=0',
32 verbose headers   'accept-ranges': 'bytes',
32 verbose headers   via: '1.1 varnish',
32 verbose headers   age: '0',
32 verbose headers   'x-served-by': 'cache-ord1735-ORD',
32 verbose headers   'x-cache': 'MISS',
32 verbose headers   'x-cache-hits': '0',
32 verbose headers   'x-timer': 'S1426741551.024223,VS0,VE68',
32 verbose headers   'keep-alive': 'timeout=10, max=50',
32 verbose headers   connection: 'Keep-Alive',
32 verbose headers   'content-encoding': 'gzip',
32 verbose headers   vary: 'accept-encoding',
32 verbose headers   date: 'Thu, 19 Mar 2015 05:05:51 GMT',
32 verbose headers   'transfer-encoding': 'chunked' }
33 silly registry.get cb [ 404,
33 silly registry.get   { 'content-type': 'application/json; charset=utf-8',
33 silly registry.get     'x-registry': 'https://registry.npmjs.org/',
33 silly registry.get     server: 'CouchDB/1.5.0 (Erlang OTP/R16B03)',
33 silly registry.get     'cache-control': 'max-age=0',
33 silly registry.get     'accept-ranges': 'bytes',
33 silly registry.get     via: '1.1 varnish',
33 silly registry.get     age: '0',
33 silly registry.get     'x-served-by': 'cache-ord1735-ORD',
33 silly registry.get     'x-cache': 'MISS',
33 silly registry.get     'x-cache-hits': '0',
33 silly registry.get     'x-timer': 'S1426741551.024223,VS0,VE68',
33 silly registry.get     'keep-alive': 'timeout=10, max=50',
33 silly registry.get     connection: 'Keep-Alive',
33 silly registry.get     'content-encoding': 'gzip',
33 silly registry.get     vary: 'accept-encoding',
33 silly registry.get     date: 'Thu, 19 Mar 2015 05:05:51 GMT',
33 silly registry.get     'transfer-encoding': 'chunked' } ]
34 silly lockFile 421d451a-https https@
35 silly lockFile 421d451a-https https@
36 error 404 404 Not Found: https
36 error 404
36 error 404 'https' is not in the npm registry.
36 error 404 You should bug the author to publish it
36 error 404 It was specified as a dependency of '1-admin-tool-13feb'
36 error 404
36 error 404 Note that you can also install from a
36 error 404 tarball, folder, or http url, or git url.
37 error System Linux 3.13.0-44-generic
38 error command "/usr/bin/node" "/usr/bin/npm" "install" "https"
39 error cwd /home/garvit/allnodehere/lego/1_admin_tool_13feb
40 error node -v v0.10.33
41 error npm -v 1.4.28
42 error code E404
43 verbose exit [ 1, true ]
